<?xml version="1.0" encoding="UTF-8"?>
<!-- Generated by org.testng.reporters.JUnitReportReporter -->
<testsuite hostname="n-kv-tych1o-f81" failures="0" tests="3" name="test.WebTablesTest" time="88.911" errors="0" timestamp="2023-06-30T18:42:07 EEST" skipped="0">
  <testcase classname="test.WebTablesTest" name="editPerson" time="25.287"/>
  <system-out/>
  <testcase classname="test.WebTablesTest" name="addPerson" time="37.634"/>
  <system-out/>
  <testcase classname="test.WebTablesTest" name="deletePerson" time="25.990"/>
  <system-out/>
</testsuite> <!-- test.WebTablesTest -->
