<?xml version="1.0" encoding="UTF-8"?>
<!-- Generated by org.testng.reporters.JUnitReportReporter -->
<testsuite hostname="n-kv-tych1o-f81" failures="0" tests="1" name="test.ButtonsPageTest" time="17.628" errors="0" timestamp="2023-06-30T18:42:07 EEST" skipped="0">
  <testcase classname="test.ButtonsPageTest" name="checkTEstOnClickTestButton" time="17.628"/>
  <system-out/>
</testsuite> <!-- test.ButtonsPageTest -->
